<?xml version="1.0" encoding="UTF-8"?>
<testng-results ignored="0" total="5" passed="4" failed="1" skipped="0">
  <reporter-output>
  </reporter-output>
  <suite started-at="2024-09-18T16:29:18 IST" name="Suite" finished-at="2024-09-18T16:29:26 IST" duration-ms="7967">
    <groups>
    </groups>
    <test started-at="2024-09-18T16:29:18 IST" name="Test" finished-at="2024-09-18T16:29:26 IST" duration-ms="7967">
      <class name="Demo.AssertionExample">
        <test-method is-config="true" signature="setup(java.lang.String)[pri:0, instance:Demo.AssertionExample@2a3b5b47]" started-at="2024-09-18T16:29:18 IST" name="setup" finished-at="2024-09-18T16:29:24 IST" duration-ms="5378" status="PASS">
          <params>
            <param index="0">
              <value>
                <![CDATA[chrome]]>
              </value>
            </param>
          </params>
          <reporter-output>
          </reporter-output>
        </test-method> <!-- setup -->
        <test-method signature="verifyGoogleImageIsDisplayed()[pri:0, instance:Demo.AssertionExample@2a3b5b47]" started-at="2024-09-18T16:29:24 IST" name="verifyGoogleImageIsDisplayed" finished-at="2024-09-18T16:29:24 IST" duration-ms="41" status="PASS">
          <reporter-output>
          </reporter-output>
        </test-method> <!-- verifyGoogleImageIsDisplayed -->
        <test-method is-config="true" signature="tearDown()[pri:0, instance:Demo.AssertionExample@2a3b5b47]" started-at="2024-09-18T16:29:24 IST" name="tearDown" finished-at="2024-09-18T16:29:24 IST" duration-ms="86" status="PASS">
          <reporter-output>
          </reporter-output>
        </test-method> <!-- tearDown -->
        <test-method is-config="true" signature="setup(java.lang.String)[pri:0, instance:Demo.AssertionExample@2a3b5b47]" started-at="2024-09-18T16:29:24 IST" name="setup" finished-at="2024-09-18T16:29:26 IST" duration-ms="2270" status="PASS">
          <params>
            <param index="0">
              <value>
                <![CDATA[chrome]]>
              </value>
            </param>
          </params>
          <reporter-output>
          </reporter-output>
        </test-method> <!-- setup -->
        <test-method signature="verifyPageTitle()[pri:0, instance:Demo.AssertionExample@2a3b5b47]" started-at="2024-09-18T16:29:26 IST" name="verifyPageTitle" finished-at="2024-09-18T16:29:26 IST" duration-ms="7" status="PASS">
          <reporter-output>
          </reporter-output>
        </test-method> <!-- verifyPageTitle -->
        <test-method is-config="true" signature="tearDown()[pri:0, instance:Demo.AssertionExample@2a3b5b47]" started-at="2024-09-18T16:29:26 IST" name="tearDown" finished-at="2024-09-18T16:29:26 IST" duration-ms="101" status="PASS">
          <reporter-output>
          </reporter-output>
        </test-method> <!-- tearDown -->
      </class> <!-- Demo.AssertionExample -->
      <class name="Demo.TestClass">
        <test-method signature="testMethod1()[pri:0, instance:Demo.TestClass@293a5bf6]" started-at="2024-09-18T16:29:18 IST" name="testMethod1" finished-at="2024-09-18T16:29:18 IST" duration-ms="11" status="PASS">
          <reporter-output>
          </reporter-output>
        </test-method> <!-- testMethod1 -->
        <test-method signature="testMethod2()[pri:0, instance:Demo.TestClass@293a5bf6]" started-at="2024-09-18T16:29:18 IST" name="testMethod2" finished-at="2024-09-18T16:29:18 IST" duration-ms="2" status="PASS">
          <reporter-output>
          </reporter-output>
        </test-method> <!-- testMethod2 -->
        <test-method signature="testMethod3()[pri:0, instance:Demo.TestClass@293a5bf6]" started-at="2024-09-18T16:29:18 IST" name="testMethod3" finished-at="2024-09-18T16:29:18 IST" duration-ms="8" status="FAIL">
          <exception class="java.lang.AssertionError">
            <message>
              <![CDATA[expected [true] but found [false]]]>
            </message>
            <full-stacktrace>
              <![CDATA[java.lang.AssertionError: expected [true] but found [false]
at org.testng.Assert.fail(Assert.java:111)
at org.testng.Assert.failNotEquals(Assert.java:1578)
at org.testng.Assert.assertTrue(Assert.java:57)
at org.testng.Assert.assertTrue(Assert.java:67)
at Demo.TestClass.testMethod3(TestClass.java:27)
at java.base/jdk.internal.reflect.DirectMethodHandleAccessor.invoke(DirectMethodHandleAccessor.java:103)
at java.base/java.lang.reflect.Method.invoke(Method.java:580)
at org.testng.internal.invokers.MethodInvocationHelper.invokeMethod(MethodInvocationHelper.java:141)
at org.testng.internal.invokers.TestInvoker.invokeMethod(TestInvoker.java:686)
at org.testng.internal.invokers.TestInvoker.invokeTestMethod(TestInvoker.java:230)
at org.testng.internal.invokers.MethodRunner.runInSequence(MethodRunner.java:63)
at org.testng.internal.invokers.TestInvoker$MethodInvocationAgent.invoke(TestInvoker.java:992)
at org.testng.internal.invokers.TestInvoker.invokeTestMethods(TestInvoker.java:203)
at org.testng.internal.invokers.TestMethodWorker.invokeTestMethods(TestMethodWorker.java:154)
at org.testng.internal.invokers.TestMethodWorker.run(TestMethodWorker.java:134)
at java.base/java.util.ArrayList.forEach(ArrayList.java:1596)
at org.testng.TestRunner.privateRun(TestRunner.java:739)
at org.testng.TestRunner.run(TestRunner.java:614)
at org.testng.SuiteRunner.runTest(SuiteRunner.java:421)
at org.testng.SuiteRunner.runSequentially(SuiteRunner.java:413)
at org.testng.SuiteRunner.privateRun(SuiteRunner.java:373)
at org.testng.SuiteRunner.run(SuiteRunner.java:312)
at org.testng.SuiteRunnerWorker.runSuite(SuiteRunnerWorker.java:52)
at org.testng.SuiteRunnerWorker.run(SuiteRunnerWorker.java:95)
at org.testng.TestNG.runSuitesSequentially(TestNG.java:1274)
at org.testng.TestNG.runSuitesLocally(TestNG.java:1208)
at org.testng.TestNG.runSuites(TestNG.java:1112)
at org.testng.TestNG.run(TestNG.java:1079)
at org.testng.remote.AbstractRemoteTestNG.run(AbstractRemoteTestNG.java:115)
at org.testng.remote.RemoteTestNG.initAndRun(RemoteTestNG.java:293)
at org.testng.remote.RemoteTestNG.main(RemoteTestNG.java:91)
]]>
            </full-stacktrace>
          </exception> <!-- java.lang.AssertionError -->
          <reporter-output>
          </reporter-output>
        </test-method> <!-- testMethod3 -->
      </class> <!-- Demo.TestClass -->
    </test> <!-- Test -->
  </suite> <!-- Suite -->
</testng-results>
